#
# There is insufficient memory for the Java Runtime Environment to continue.
# Native memory allocation (malloc) failed to allocate 1970160 bytes for Chunk::new
# Possible reasons:
#   The system is out of physical RAM or swap space
#   The process is running with CompressedOops enabled, and the Java Heap may be blocking the growth of the native heap
# Possible solutions:
#   Reduce memory load on the system
#   Increase physical memory or swap space
#   Check if swap backing store is full
#   Decrease Java heap size (-Xmx/-Xms)
#   Decrease number of Java threads
#   Decrease Java thread stack sizes (-Xss)
#   Set larger code cache with -XX:ReservedCodeCacheSize=
#   JVM is running with Zero Based Compressed Oops mode in which the Java heap is
#     placed in the first 32GB address space. The Java Heap base address is the
#     maximum limit for the native heap growth. Please use -XX:HeapBaseMinAddress
#     to set the Java Heap base and to place the Java Heap above 32GB virtual address.
# This output file may be truncated or incomplete.
#
#  Out of Memory Error (arena.cpp:189), pid=22112, tid=3092
#
# JRE version: Java(TM) SE Runtime Environment (17.0.2+8) (build 17.0.2+8-LTS-86)
# Java VM: Java HotSpot(TM) 64-Bit Server VM (17.0.2+8-LTS-86, mixed mode, sharing, tiered, compressed oops, compressed class ptrs, g1 gc, windows-amd64)
# No core dump will be written. Minidumps are not enabled by default on client versions of Windows
#

---------------  S U M M A R Y ------------

Command Line: -Dfile.encoding=UTF-8 -XX:+ShowCodeDetailsInExceptionMessages com.spaceData.spacemicroservice.SpaceMicroserviceApplication

Host: Intel(R) Core(TM) i5-3337U CPU @ 1.80GHz, 4 cores, 11G,  Windows 10 , 64 bit Build 19041 (10.0.19041.2364)
Time: Mon Feb  6 12:50:56 2023 Hora est. Pacífico, Sudamérica elapsed time: 7.428946 seconds (0d 0h 0m 7s)

---------------  T H R E A D  ---------------

Current thread (0x0000028d7f803a20):  JavaThread "C2 CompilerThread0" daemon [_thread_in_native, id=3092, stack(0x000000f85fb00000,0x000000f85fc00000)]


Current CompileTask:
C2:   7429 2697   !   4       jdk.internal.loader.BuiltinClassLoader::loadClassOrNull (143 bytes)

Stack: [0x000000f85fb00000,0x000000f85fc00000]
Native frames: (J=compiled Java code, j=interpreted, Vv=VM code, C=native code)
V  [jvm.dll+0x670baa]
V  [jvm.dll+0x7cfcb4]
V  [jvm.dll+0x7d145e]
V  [jvm.dll+0x7d1ac3]
V  [jvm.dll+0x242bc5]
V  [jvm.dll+0xaa57b]
V  [jvm.dll+0xaab0c]
V  [jvm.dll+0x35fd07]
V  [jvm.dll+0x32a331]
V  [jvm.dll+0x3297da]
V  [jvm.dll+0x215c91]
V  [jvm.dll+0x2150b1]
V  [jvm.dll+0x1a1bbd]
V  [jvm.dll+0x224908]
V  [jvm.dll+0x222a6c]
V  [jvm.dll+0x7859bb]
V  [jvm.dll+0x77ff7a]
V  [jvm.dll+0x66fa35]
C  [ucrtbase.dll+0x21bb2]
C  [KERNEL32.DLL+0x17614]
C  [ntdll.dll+0x526a1]


---------------  P R O C E S S  ---------------

Threads class SMR info:
_java_thread_list=0x0000028d7f8405b0, length=15, elements={
0x0000028d73961570, 0x0000028d7f7deeb0, 0x0000028d7f7e0130, 0x0000028d7f7ee280,
0x0000028d7f7f3b70, 0x0000028d7f7f4430, 0x0000028d7f800200, 0x0000028d7f803a20,
0x0000028d7f803fe0, 0x0000028d7f81e4d0, 0x0000028d149de1b0, 0x0000028d149f3500,
0x0000028d15505a10, 0x0000028d15a81540, 0x0000028d158d10b0
}

Java Threads: ( => current thread )
  0x0000028d73961570 JavaThread "main" [_thread_blocked, id=19744, stack(0x000000f85ee00000,0x000000f85ef00000)]
  0x0000028d7f7deeb0 JavaThread "Reference Handler" daemon [_thread_blocked, id=22376, stack(0x000000f85f500000,0x000000f85f600000)]
  0x0000028d7f7e0130 JavaThread "Finalizer" daemon [_thread_blocked, id=7548, stack(0x000000f85f600000,0x000000f85f700000)]
  0x0000028d7f7ee280 JavaThread "Signal Dispatcher" daemon [_thread_blocked, id=6252, stack(0x000000f85f700000,0x000000f85f800000)]
  0x0000028d7f7f3b70 JavaThread "Attach Listener" daemon [_thread_blocked, id=22340, stack(0x000000f85f800000,0x000000f85f900000)]
  0x0000028d7f7f4430 JavaThread "Service Thread" daemon [_thread_blocked, id=1432, stack(0x000000f85f900000,0x000000f85fa00000)]
  0x0000028d7f800200 JavaThread "Monitor Deflation Thread" daemon [_thread_blocked, id=14288, stack(0x000000f85fa00000,0x000000f85fb00000)]
=>0x0000028d7f803a20 JavaThread "C2 CompilerThread0" daemon [_thread_in_native, id=3092, stack(0x000000f85fb00000,0x000000f85fc00000)]
  0x0000028d7f803fe0 JavaThread "C1 CompilerThread0" daemon [_thread_blocked, id=1012, stack(0x000000f85fc00000,0x000000f85fd00000)]
  0x0000028d7f81e4d0 JavaThread "Sweeper thread" daemon [_thread_blocked, id=884, stack(0x000000f85fd00000,0x000000f85fe00000)]
  0x0000028d149de1b0 JavaThread "Notification Thread" daemon [_thread_blocked, id=21676, stack(0x000000f85fe00000,0x000000f85ff00000)]
  0x0000028d149f3500 JavaThread "Common-Cleaner" daemon [_thread_blocked, id=15260, stack(0x000000f860000000,0x000000f860100000)]
  0x0000028d15505a10 JavaThread "Thread-0" [_thread_blocked, id=22560, stack(0x000000f860500000,0x000000f860600000)]
  0x0000028d15a81540 JavaThread "restartedMain" [_thread_in_Java, id=15900, stack(0x000000f860600000,0x000000f860700000)]
  0x0000028d158d10b0 JavaThread "C2 CompilerThread1" daemon [_thread_blocked, id=22792, stack(0x000000f860100000,0x000000f860200000)]

Other Threads:
  0x0000028d7f7d7ad0 VMThread "VM Thread" [stack: 0x000000f85f400000,0x000000f85f500000] [id=4080]
  0x0000028d149e76c0 WatcherThread [stack: 0x000000f85ff00000,0x000000f860000000] [id=19808]
  0x0000028d739a4a70 GCTaskThread "GC Thread#0" [stack: 0x000000f85ef00000,0x000000f85f000000] [id=22648]
  0x0000028d15460e00 GCTaskThread "GC Thread#1" [stack: 0x000000f860200000,0x000000f860300000] [id=23380]
  0x0000028d14bad850 GCTaskThread "GC Thread#2" [stack: 0x000000f860300000,0x000000f860400000] [id=19392]
  0x0000028d14badb00 GCTaskThread "GC Thread#3" [stack: 0x000000f860400000,0x000000f860500000] [id=372]
  0x0000028d739b1700 ConcurrentGCThread "G1 Main Marker" [stack: 0x000000f85f000000,0x000000f85f100000] [id=23008]
  0x0000028d739b2020 ConcurrentGCThread "G1 Conc#0" [stack: 0x000000f85f100000,0x000000f85f200000] [id=20136]
  0x0000028d73a12a80 ConcurrentGCThread "G1 Refine#0" [stack: 0x000000f85f200000,0x000000f85f300000] [id=15600]
  0x0000028d73a17900 ConcurrentGCThread "G1 Service" [stack: 0x000000f85f300000,0x000000f85f400000] [id=21556]

Threads with active compile tasks:
C2 CompilerThread0     7480 2697   !   4       jdk.internal.loader.BuiltinClassLoader::loadClassOrNull (143 bytes)

VM state: not at safepoint (normal execution)

VM Mutex/Monitor currently owned by a thread: None

Heap address: 0x0000000741c00000, size: 3044 MB, Compressed Oops mode: Zero based, Oop shift amount: 3

CDS archive(s) mapped at: [0x0000000800000000-0x0000000800bc0000-0x0000000800bc0000), size 12320768, SharedBaseAddress: 0x0000000800000000, ArchiveRelocationMode: 0.
Compressed class space mapped at: 0x0000000800c00000-0x0000000840c00000, reserved size: 1073741824
Narrow klass base: 0x0000000800000000, Narrow klass shift: 0, Narrow klass range: 0x100000000

GC Precious Log:
 CPUs: 4 total, 4 available
 Memory: 12169M
 Large Page Support: Disabled
 NUMA Support: Disabled
 Compressed Oops: Enabled (Zero based)
 Heap Region Size: 2M
 Heap Min Capacity: 8M
 Heap Initial Capacity: 192M
 Heap Max Capacity: 3044M
 Pre-touch: Disabled
 Parallel Workers: 4
 Concurrent Workers: 1
 Concurrent Refinement Workers: 4
 Periodic GC: Disabled

Heap:
 garbage-first heap   total 55296K, used 11952K [0x0000000741c00000, 0x0000000800000000)
  region size 2048K, 4 young (8192K), 3 survivors (6144K)
 Metaspace       used 21269K, committed 21568K, reserved 1073152K
  class space    used 2743K, committed 2880K, reserved 1048576K

Heap Regions: E=young(eden), S=young(survivor), O=old, HS=humongous(starts), HC=humongous(continues), CS=collection set, F=free, OA=open archive, CA=closed archive, TAMS=top-at-mark-start (previous, next)
|   0|0x0000000741c00000, 0x0000000741e00000, 0x0000000741e00000|100%| O|  |TAMS 0x0000000741e00000, 0x0000000741c00000| Untracked 
|   1|0x0000000741e00000, 0x0000000741fffff8, 0x0000000742000000| 99%| O|  |TAMS 0x0000000741fffff8, 0x0000000741e00000| Untracked 
|   2|0x0000000742000000, 0x0000000742200000, 0x0000000742200000|100%| O|  |TAMS 0x0000000742200000, 0x0000000742000000| Untracked 
|   3|0x0000000742200000, 0x0000000742222400, 0x0000000742400000|  6%| O|  |TAMS 0x0000000742222400, 0x0000000742200000| Complete 
|   4|0x0000000742400000, 0x0000000742400000, 0x0000000742600000|  0%| F|  |TAMS 0x0000000742400000, 0x0000000742400000| Untracked 
|   5|0x0000000742600000, 0x0000000742600000, 0x0000000742800000|  0%| F|  |TAMS 0x0000000742600000, 0x0000000742600000| Untracked 
|   6|0x0000000742800000, 0x0000000742800000, 0x0000000742a00000|  0%| F|  |TAMS 0x0000000742800000, 0x0000000742800000| Untracked 
|   7|0x0000000742a00000, 0x0000000742a00000, 0x0000000742c00000|  0%| F|  |TAMS 0x0000000742a00000, 0x0000000742a00000| Untracked 
|   8|0x0000000742c00000, 0x0000000742c00000, 0x0000000742e00000|  0%| F|  |TAMS 0x0000000742c00000, 0x0000000742c00000| Untracked 
|   9|0x0000000742e00000, 0x0000000742e00000, 0x0000000743000000|  0%| F|  |TAMS 0x0000000742e00000, 0x0000000742e00000| Untracked 
|  10|0x0000000743000000, 0x0000000743000000, 0x0000000743200000|  0%| F|  |TAMS 0x0000000743000000, 0x0000000743000000| Untracked 
|  11|0x0000000743200000, 0x0000000743200000, 0x0000000743400000|  0%| F|  |TAMS 0x0000000743200000, 0x0000000743200000| Untracked 
|  12|0x0000000743400000, 0x0000000743400000, 0x0000000743600000|  0%| F|  |TAMS 0x0000000743400000, 0x0000000743400000| Untracked 
|  13|0x0000000743600000, 0x0000000743600000, 0x0000000743800000|  0%| F|  |TAMS 0x0000000743600000, 0x0000000743600000| Untracked 
|  14|0x0000000743800000, 0x0000000743800000, 0x0000000743a00000|  0%| F|  |TAMS 0x0000000743800000, 0x0000000743800000| Untracked 
|  15|0x0000000743a00000, 0x0000000743a00000, 0x0000000743c00000|  0%| F|  |TAMS 0x0000000743a00000, 0x0000000743a00000| Untracked 
|  16|0x0000000743c00000, 0x0000000743c00000, 0x0000000743e00000|  0%| F|  |TAMS 0x0000000743c00000, 0x0000000743c00000| Untracked 
|  17|0x0000000743e00000, 0x0000000743e00000, 0x0000000744000000|  0%| F|  |TAMS 0x0000000743e00000, 0x0000000743e00000| Untracked 
|  18|0x0000000744000000, 0x0000000744000000, 0x0000000744200000|  0%| F|  |TAMS 0x0000000744000000, 0x0000000744000000| Untracked 
|  19|0x0000000744200000, 0x0000000744200000, 0x0000000744400000|  0%| F|  |TAMS 0x0000000744200000, 0x0000000744200000| Untracked 
|  20|0x0000000744400000, 0x0000000744400000, 0x0000000744600000|  0%| F|  |TAMS 0x0000000744400000, 0x0000000744400000| Untracked 
|  21|0x0000000744600000, 0x0000000744600000, 0x0000000744800000|  0%| F|  |TAMS 0x0000000744600000, 0x0000000744600000| Untracked 
|  22|0x0000000744800000, 0x0000000744800000, 0x0000000744a00000|  0%| F|  |TAMS 0x0000000744800000, 0x0000000744800000| Untracked 
|  57|0x0000000748e00000, 0x0000000748f89ef8, 0x0000000749000000| 76%| S|CS|TAMS 0x0000000748e00000, 0x0000000748e00000| Complete 
|  58|0x0000000749000000, 0x0000000749200000, 0x0000000749200000|100%| S|CS|TAMS 0x0000000749000000, 0x0000000749000000| Complete 
|  59|0x0000000749200000, 0x0000000749400000, 0x0000000749400000|100%| S|CS|TAMS 0x0000000749200000, 0x0000000749200000| Complete 
|  95|0x000000074da00000, 0x000000074dc00000, 0x000000074dc00000|100%| E|  |TAMS 0x000000074da00000, 0x000000074da00000| Complete 

Card table byte_map: [0x0000028d7b7b0000,0x0000028d7bdb0000] _byte_map_base: 0x0000028d77da2000

Marking Bits (Prev, Next): (CMBitMap*) 0x0000028d739a4fd0, (CMBitMap*) 0x0000028d739a4f90
 Prev Bits: [0x0000028d0f000000, 0x0000028d11f90000)
 Next Bits: [0x0000028d7c3b0000, 0x0000028d7f340000)

Polling page: 0x0000028d73130000

Metaspace:

Usage:
  Non-class:     18.09 MB used.
      Class:      2.68 MB used.
       Both:     20.77 MB used.

Virtual space:
  Non-class space:       24.00 MB reserved,      18.25 MB ( 76%) committed,  3 nodes.
      Class space:        1.00 GB reserved,       2.81 MB ( <1%) committed,  1 nodes.
             Both:        1.02 GB reserved,      21.06 MB (  2%) committed. 

Chunk freelists:
   Non-Class:  1.73 MB
       Class:  1.01 MB
        Both:  2.75 MB

MaxMetaspaceSize: unlimited
CompressedClassSpaceSize: 1.00 GB
Initial GC threshold: 21.00 MB
Current GC threshold: 35.12 MB
CDS: on
MetaspaceReclaimPolicy: balanced
 - commit_granule_bytes: 65536.
 - commit_granule_words: 8192.
 - virtual_space_node_default_size: 1048576.
 - enlarge_chunks_in_place: 1.
 - new_chunks_are_fully_committed: 0.
 - uncommit_free_chunks: 1.
 - use_allocation_guard: 0.
 - handle_deallocations: 1.


Internal statistics:

num_allocs_failed_limit: 3.
num_arena_births: 218.
num_arena_deaths: 0.
num_vsnodes_births: 4.
num_vsnodes_deaths: 0.
num_space_committed: 337.
num_space_uncommitted: 0.
num_chunks_returned_to_freelist: 3.
num_chunks_taken_from_freelist: 897.
num_chunk_merges: 3.
num_chunk_splits: 639.
num_chunks_enlarged: 514.
num_purges: 0.
num_inconsistent_stats: 0.

CodeHeap 'non-profiled nmethods': size=120000Kb used=1302Kb max_used=1302Kb free=118697Kb
 bounds [0x0000028d07ad0000, 0x0000028d07d40000, 0x0000028d0f000000]
CodeHeap 'profiled nmethods': size=120000Kb used=5863Kb max_used=5863Kb free=114136Kb
 bounds [0x0000028d005a0000, 0x0000028d00b60000, 0x0000028d07ad0000]
CodeHeap 'non-nmethods': size=5760Kb used=1188Kb max_used=1226Kb free=4571Kb
 bounds [0x0000028d00000000, 0x0000028d00270000, 0x0000028d005a0000]
 total_blobs=3284 nmethods=2802 adapters=394
 compilation: enabled
              stopped_count=0, restarted_count=0
 full_count=0

Compilation events (20 events):
Event: 7.373 Thread 0x0000028d7f803fe0 2771       3       sun.reflect.annotation.AnnotationParser::parseArray (220 bytes)
Event: 7.375 Thread 0x0000028d7f803fe0 nmethod 2771 0x0000028d00b47f90 code [0x0000028d00b48300, 0x0000028d00b49278]
Event: 7.376 Thread 0x0000028d7f803fe0 2772       3       java.util.Objects::equals (23 bytes)
Event: 7.376 Thread 0x0000028d7f803fe0 nmethod 2772 0x0000028d00b49690 code [0x0000028d00b49840, 0x0000028d00b49ac8]
Event: 7.379 Thread 0x0000028d7f803fe0 2773       3       java.util.regex.Pattern$$Lambda$147/0x0000000800ccc2f0::is (5 bytes)
Event: 7.379 Thread 0x0000028d7f803fe0 nmethod 2773 0x0000028d00b49b90 code [0x0000028d00b49d40, 0x0000028d00b49fb8]
Event: 7.380 Thread 0x0000028d7f803fe0 2774       1       org.springframework.boot.logging.DeferredLog$Line::getLevel (5 bytes)
Event: 7.380 Thread 0x0000028d7f803fe0 nmethod 2774 0x0000028d07c13d10 code [0x0000028d07c13ea0, 0x0000028d07c13f78]
Event: 7.381 Thread 0x0000028d7f803fe0 2775       1       org.springframework.boot.logging.DeferredLog$Line::getMessage (5 bytes)
Event: 7.381 Thread 0x0000028d7f803fe0 nmethod 2775 0x0000028d07c14010 code [0x0000028d07c141a0, 0x0000028d07c14278]
Event: 7.381 Thread 0x0000028d7f803fe0 2776       1       org.springframework.boot.logging.DeferredLog$Line::getThrowable (5 bytes)
Event: 7.381 Thread 0x0000028d7f803fe0 nmethod 2776 0x0000028d07c14310 code [0x0000028d07c144a0, 0x0000028d07c14578]
Event: 7.381 Thread 0x0000028d7f803fe0 2777       3       org.apache.commons.logging.LogFactory::getLog (8 bytes)
Event: 7.382 Thread 0x0000028d7f803fe0 nmethod 2777 0x0000028d00b4a090 code [0x0000028d00b4a260, 0x0000028d00b4a4b8]
Event: 7.397 Thread 0x0000028d7f803fe0 2778       3       java.lang.ClassLoader::checkCerts (121 bytes)
Event: 7.399 Thread 0x0000028d7f803fe0 nmethod 2778 0x0000028d00b4a610 code [0x0000028d00b4a900, 0x0000028d00b4b7e8]
Event: 7.401 Thread 0x0000028d7f803fe0 2779       3       java.lang.ClassLoader::getDefinedPackage (36 bytes)
Event: 7.402 Thread 0x0000028d7f803fe0 nmethod 2779 0x0000028d00b4bd10 code [0x0000028d00b4bf00, 0x0000028d00b4c508]
Event: 7.402 Thread 0x0000028d7f803fe0 2780       3       java.lang.ClassLoader::getNamedPackage (73 bytes)
Event: 7.402 Thread 0x0000028d7f803fe0 nmethod 2780 0x0000028d00b4c710 code [0x0000028d00b4c900, 0x0000028d00b4cf68]

GC Heap History (8 events):
Event: 0.942 GC heap before
{Heap before GC invocations=0 (full 0):
 garbage-first heap   total 196608K, used 10240K [0x0000000741c00000, 0x0000000800000000)
  region size 2048K, 6 young (12288K), 0 survivors (0K)
 Metaspace       used 1727K, committed 1856K, reserved 1056768K
  class space    used 146K, committed 256K, reserved 1048576K
}
Event: 0.952 GC heap after
{Heap after GC invocations=1 (full 0):
 garbage-first heap   total 196608K, used 6228K [0x0000000741c00000, 0x0000000800000000)
  region size 2048K, 1 young (2048K), 1 survivors (2048K)
 Metaspace       used 1727K, committed 1856K, reserved 1056768K
  class space    used 146K, committed 256K, reserved 1048576K
}
Event: 1.485 GC heap before
{Heap before GC invocations=1 (full 0):
 garbage-first heap   total 196608K, used 12372K [0x0000000741c00000, 0x0000000800000000)
  region size 2048K, 4 young (8192K), 1 survivors (2048K)
 Metaspace       used 3502K, committed 3648K, reserved 1056768K
  class space    used 365K, committed 448K, reserved 1048576K
}
Event: 1.490 GC heap after
{Heap after GC invocations=2 (full 0):
 garbage-first heap   total 196608K, used 7297K [0x0000000741c00000, 0x0000000800000000)
  region size 2048K, 1 young (2048K), 1 survivors (2048K)
 Metaspace       used 3502K, committed 3648K, reserved 1056768K
  class space    used 365K, committed 448K, reserved 1048576K
}
Event: 2.207 GC heap before
{Heap before GC invocations=2 (full 0):
 garbage-first heap   total 196608K, used 23681K [0x0000000741c00000, 0x0000000800000000)
  region size 2048K, 9 young (18432K), 1 survivors (2048K)
 Metaspace       used 5830K, committed 6016K, reserved 1056768K
  class space    used 665K, committed 768K, reserved 1048576K
}
Event: 2.210 GC heap after
{Heap after GC invocations=3 (full 0):
 garbage-first heap   total 196608K, used 7855K [0x0000000741c00000, 0x0000000800000000)
  region size 2048K, 1 young (2048K), 1 survivors (2048K)
 Metaspace       used 5830K, committed 6016K, reserved 1056768K
  class space    used 665K, committed 768K, reserved 1048576K
}
Event: 7.407 GC heap before
{Heap before GC invocations=3 (full 0):
 garbage-first heap   total 196608K, used 77487K [0x0000000741c00000, 0x0000000800000000)
  region size 2048K, 36 young (73728K), 1 survivors (2048K)
 Metaspace       used 21261K, committed 21504K, reserved 1073152K
  class space    used 2738K, committed 2880K, reserved 1048576K
}
Event: 7.423 GC heap after
{Heap after GC invocations=4 (full 0):
 garbage-first heap   total 196608K, used 11952K [0x0000000741c00000, 0x0000000800000000)
  region size 2048K, 3 young (6144K), 3 survivors (6144K)
 Metaspace       used 21261K, committed 21504K, reserved 1073152K
  class space    used 2738K, committed 2880K, reserved 1048576K
}

Deoptimization events (20 events):
Event: 7.148 Thread 0x0000028d15a81540 Uncommon trap: trap_request=0xffffff45 fr.pc=0x0000028d07bbfac8 relative=0x00000000000001a8
Event: 7.148 Thread 0x0000028d15a81540 Uncommon trap: reason=unstable_if action=reinterpret pc=0x0000028d07bbfac8 method=java.util.concurrent.ConcurrentHashMap.get(Ljava/lang/Object;)Ljava/lang/Object; @ 152 c2
Event: 7.148 Thread 0x0000028d15a81540 DEOPT PACKING pc=0x0000028d07bbfac8 sp=0x000000f8606fcbb0
Event: 7.148 Thread 0x0000028d15a81540 DEOPT UNPACKING pc=0x0000028d000523a3 sp=0x000000f8606fcb28 mode 2
Event: 7.148 Thread 0x0000028d15a81540 Uncommon trap: trap_request=0xffffffde fr.pc=0x0000028d07bec724 relative=0x00000000000012e4
Event: 7.148 Thread 0x0000028d15a81540 Uncommon trap: reason=class_check action=maybe_recompile pc=0x0000028d07bec724 method=java.util.concurrent.ConcurrentHashMap.putVal(Ljava/lang/Object;Ljava/lang/Object;Z)Ljava/lang/Object; @ 159 c2
Event: 7.148 Thread 0x0000028d15a81540 DEOPT PACKING pc=0x0000028d07bec724 sp=0x000000f8606fc950
Event: 7.148 Thread 0x0000028d15a81540 DEOPT UNPACKING pc=0x0000028d000523a3 sp=0x000000f8606fc8e0 mode 2
Event: 7.184 Thread 0x0000028d15a81540 Uncommon trap: trap_request=0xffffffde fr.pc=0x0000028d07bec724 relative=0x00000000000012e4
Event: 7.184 Thread 0x0000028d15a81540 Uncommon trap: reason=class_check action=maybe_recompile pc=0x0000028d07bec724 method=java.util.concurrent.ConcurrentHashMap.putVal(Ljava/lang/Object;Ljava/lang/Object;Z)Ljava/lang/Object; @ 159 c2
Event: 7.184 Thread 0x0000028d15a81540 DEOPT PACKING pc=0x0000028d07bec724 sp=0x000000f8606fc810
Event: 7.184 Thread 0x0000028d15a81540 DEOPT UNPACKING pc=0x0000028d000523a3 sp=0x000000f8606fc7a0 mode 2
Event: 7.210 Thread 0x0000028d15a81540 Uncommon trap: trap_request=0xffffff45 fr.pc=0x0000028d07bddbe8 relative=0x0000000000005ac8
Event: 7.210 Thread 0x0000028d15a81540 Uncommon trap: reason=unstable_if action=reinterpret pc=0x0000028d07bddbe8 method=jdk.internal.org.objectweb.asm.SymbolTable.addType(Ljava/lang/String;)I @ 33 c2
Event: 7.210 Thread 0x0000028d15a81540 DEOPT PACKING pc=0x0000028d07bddbe8 sp=0x000000f8606fbd50
Event: 7.211 Thread 0x0000028d15a81540 DEOPT UNPACKING pc=0x0000028d000523a3 sp=0x000000f8606fbc78 mode 2
Event: 7.251 Thread 0x0000028d15a81540 Uncommon trap: trap_request=0xffffffc6 fr.pc=0x0000028d07bfc9d8 relative=0x00000000000003d8
Event: 7.251 Thread 0x0000028d15a81540 Uncommon trap: reason=bimorphic_or_optimized_type_check action=maybe_recompile pc=0x0000028d07bfc9d8 method=java.util.HashMap.putVal(ILjava/lang/Object;Ljava/lang/Object;ZZ)Ljava/lang/Object; @ 253 c2
Event: 7.251 Thread 0x0000028d15a81540 DEOPT PACKING pc=0x0000028d07bfc9d8 sp=0x000000f8606fd880
Event: 7.251 Thread 0x0000028d15a81540 DEOPT UNPACKING pc=0x0000028d000523a3 sp=0x000000f8606fd810 mode 2

Classes unloaded (0 events):
No events

Classes redefined (0 events):
No events

Internal exceptions (20 events):
Event: 4.641 Thread 0x0000028d15a81540 Exception <a 'java/lang/ClassNotFoundException'{0x000000074bed35d8}: org/springframework/context/EnvironmentAwareCustomizer> (0x000000074bed35d8) 
thrown [t:\workspace\open\src\hotspot\share\classfile\systemDictionary.cpp, line 256]
Event: 4.645 Thread 0x0000028d15a81540 Exception <a 'java/lang/ClassNotFoundException'{0x000000074bc01480}: org/springframework/beans/factory/AwareCustomizer> (0x000000074bc01480) 
thrown [t:\workspace\open\src\hotspot\share\classfile\systemDictionary.cpp, line 256]
Event: 5.360 Thread 0x0000028d158d10b0 Exception <a 'java/lang/NoSuchMethodError'{0x000000074b048ec0}: 'java.lang.Object java.lang.invoke.DirectMethodHandle$Holder.invokeStaticInit(java.lang.Object, java.lang.Object, java.lang.Object, java.lang.Object, java.lang.Object)'> (0x000000074b048ec0) 
thrown [t:\workspace\open\src\hotspot\share\interpreter\linkResolver.cpp, line 766]
Event: 5.499 Thread 0x0000028d15a81540 Exception <a 'java/lang/NoSuchMethodError'{0x000000074b16b310}: 'void java.lang.invoke.DirectMethodHandle$Holder.invokeSpecial(java.lang.Object, java.lang.Object, java.lang.Object, java.lang.Object, java.lang.Object, java.lang.Object)'> (0x000000074b16b310) 
thrown [t:\workspace\open\src\hotspot\share\interpreter\linkResolver.cpp, line 766]
Event: 5.937 Thread 0x0000028d15a81540 Exception <a 'java/lang/NoSuchMethodError'{0x000000074a929348}: 'java.lang.Object java.lang.invoke.DirectMethodHandle$Holder.newInvokeSpecial(java.lang.Object, java.lang.Object, int, java.lang.Object, java.lang.Object)'> (0x000000074a929348) 
thrown [t:\workspace\open\src\hotspot\share\interpreter\linkResolver.cpp, line 766]
Event: 5.942 Thread 0x0000028d15a81540 Exception <a 'java/lang/NoSuchMethodError'{0x000000074a93a370}: 'java.lang.Object java.lang.invoke.DirectMethodHandle$Holder.invokeSpecial(java.lang.Object, java.lang.Object, int, java.lang.Object, int, java.lang.Object)'> (0x000000074a93a370) 
thrown [t:\workspace\open\src\hotspot\share\interpreter\linkResolver.cpp, line 766]
Event: 5.943 Thread 0x0000028d15a81540 Exception <a 'java/lang/NoSuchMethodError'{0x000000074a942418}: 'java.lang.Object java.lang.invoke.DirectMethodHandle$Holder.newInvokeSpecial(java.lang.Object, java.lang.Object, int, java.lang.Object, int)'> (0x000000074a942418) 
thrown [t:\workspace\open\src\hotspot\share\interpreter\linkResolver.cpp, line 766]
Event: 5.944 Thread 0x0000028d15a81540 Exception <a 'java/lang/NoSuchMethodError'{0x000000074a946518}: 'java.lang.Object java.lang.invoke.DirectMethodHandle$Holder.invokeSpecial(java.lang.Object, java.lang.Object, java.lang.Object, int, java.lang.Object, int)'> (0x000000074a946518) 
thrown [t:\workspace\open\src\hotspot\share\interpreter\linkResolver.cpp, line 766]
Event: 5.947 Thread 0x0000028d15a81540 Exception <a 'java/lang/NoSuchMethodError'{0x000000074a950448}: 'void java.lang.invoke.DirectMethodHandle$Holder.invokeVirtual(java.lang.Object, java.lang.Object)'> (0x000000074a950448) 
thrown [t:\workspace\open\src\hotspot\share\interpreter\linkResolver.cpp, line 766]
Event: 6.319 Thread 0x0000028d158d10b0 Exception <a 'java/lang/NoSuchMethodError'{0x0000000749edb5f0}: 'long java.lang.invoke.DirectMethodHandle$Holder.invokeSpecial(java.lang.Object, java.lang.Object)'> (0x0000000749edb5f0) 
thrown [t:\workspace\open\src\hotspot\share\interpreter\linkResolver.cpp, line 766]
Event: 6.324 Thread 0x0000028d158d10b0 Exception <a 'java/lang/NoSuchMethodError'{0x0000000749ee6440}: 'long java.lang.invoke.DirectMethodHandle$Holder.invokeStatic(java.lang.Object, java.lang.Object)'> (0x0000000749ee6440) 
thrown [t:\workspace\open\src\hotspot\share\interpreter\linkResolver.cpp, line 766]
Event: 6.325 Thread 0x0000028d158d10b0 Exception <a 'java/lang/NoSuchMethodError'{0x0000000749ee9a40}: 'long java.lang.invoke.DirectMethodHandle$Holder.invokeStaticInit(java.lang.Object, java.lang.Object)'> (0x0000000749ee9a40) 
thrown [t:\workspace\open\src\hotspot\share\interpreter\linkResolver.cpp, line 766]
Event: 6.334 Thread 0x0000028d158d10b0 Exception <a 'java/lang/NoSuchMethodError'{0x0000000749ef7568}: 'long java.lang.invoke.DirectMethodHandle$Holder.invokeInterface(java.lang.Object, java.lang.Object)'> (0x0000000749ef7568) 
thrown [t:\workspace\open\src\hotspot\share\interpreter\linkResolver.cpp, line 766]
Event: 6.335 Thread 0x0000028d158d10b0 Exception <a 'java/lang/IncompatibleClassChangeError'{0x0000000749efaaf8}: Found class java.lang.Object, but interface was expected> (0x0000000749efaaf8) 
thrown [t:\workspace\open\src\hotspot\share\interpreter\linkResolver.cpp, line 833]
Event: 6.360 Thread 0x0000028d158d10b0 Exception <a 'java/lang/NoSuchMethodError'{0x0000000749f618c8}: 'java.lang.Object java.lang.invoke.DirectMethodHandle$Holder.invokeVirtual(java.lang.Object, java.lang.Object, java.lang.Object, java.lang.Object)'> (0x0000000749f618c8) 
thrown [t:\workspace\open\src\hotspot\share\interpreter\linkResolver.cpp, line 766]
Event: 6.804 Thread 0x0000028d15a81540 Exception <a 'java/lang/IncompatibleClassChangeError'{0x0000000749d82710}: Found class java.lang.Object, but interface was expected> (0x0000000749d82710) 
thrown [t:\workspace\open\src\hotspot\share\interpreter\linkResolver.cpp, line 833]
Event: 6.858 Thread 0x0000028d15a81540 Exception <a 'java/lang/ClassNotFoundException'{0x0000000749dfc4c0}: java/lang/ObjectCustomizer> (0x0000000749dfc4c0) 
thrown [t:\workspace\open\src\hotspot\share\classfile\systemDictionary.cpp, line 256]
Event: 6.860 Thread 0x0000028d15a81540 Exception <a 'java/lang/ClassNotFoundException'{0x0000000749a04e58}: org/springframework/cloud/config/client/ConfigClientPropertiesCustomizer> (0x0000000749a04e58) 
thrown [t:\workspace\open\src\hotspot\share\classfile\systemDictionary.cpp, line 256]
Event: 7.274 Thread 0x0000028d15a81540 Exception <a 'java/net/ConnectException'{0x00000007497499e8}: Connection refused: no further information> (0x00000007497499e8) 
thrown [t:\workspace\open\src\hotspot\share\prims\jni.cpp, line 535]
Event: 7.277 Thread 0x0000028d15a81540 Exception <a 'java/net/SocketException'{0x000000074974af98}: Socket is not connected: shutdown> (0x000000074974af98) 
thrown [t:\workspace\open\src\hotspot\share\prims\jni.cpp, line 535]

VM Operations (20 events):
Event: 5.104 Executing VM operation: ICBufferFull
Event: 5.104 Executing VM operation: ICBufferFull done
Event: 5.655 Executing VM operation: HandshakeAllThreads
Event: 5.655 Executing VM operation: HandshakeAllThreads done
Event: 6.333 Executing VM operation: ICBufferFull
Event: 6.333 Executing VM operation: ICBufferFull done
Event: 6.737 Executing VM operation: ICBufferFull
Event: 6.737 Executing VM operation: ICBufferFull done
Event: 6.831 Executing VM operation: HandshakeAllThreads
Event: 6.831 Executing VM operation: HandshakeAllThreads done
Event: 6.935 Executing VM operation: HandshakeAllThreads
Event: 6.935 Executing VM operation: HandshakeAllThreads done
Event: 6.937 Executing VM operation: HandshakeAllThreads
Event: 6.937 Executing VM operation: HandshakeAllThreads done
Event: 7.088 Executing VM operation: HandshakeAllThreads
Event: 7.088 Executing VM operation: HandshakeAllThreads done
Event: 7.284 Executing VM operation: ICBufferFull
Event: 7.284 Executing VM operation: ICBufferFull done
Event: 7.407 Executing VM operation: CollectForMetadataAllocation
Event: 7.424 Executing VM operation: CollectForMetadataAllocation done

Events (20 events):
Event: 7.274 loading class java/net/StandardSocketOptions
Event: 7.275 loading class java/net/StandardSocketOptions done
Event: 7.275 loading class java/net/StandardSocketOptions$StdSocketOption
Event: 7.275 loading class java/net/StandardSocketOptions$StdSocketOption done
Event: 7.275 loading class sun/nio/ch/SocketOptionRegistry
Event: 7.275 loading class sun/nio/ch/SocketOptionRegistry done
Event: 7.275 loading class sun/nio/ch/SocketOptionRegistry$RegistryKey
Event: 7.275 loading class sun/nio/ch/SocketOptionRegistry$RegistryKey done
Event: 7.275 loading class sun/nio/ch/SocketOptionRegistry$LazyInitialization
Event: 7.275 loading class sun/nio/ch/SocketOptionRegistry$LazyInitialization done
Event: 7.276 loading class sun/nio/ch/OptionKey
Event: 7.276 loading class sun/nio/ch/OptionKey done
Event: 7.276 loading class sun/nio/ch/ExtendedSocketOption
Event: 7.276 loading class sun/nio/ch/ExtendedSocketOption done
Event: 7.276 loading class sun/nio/ch/ExtendedSocketOption$1
Event: 7.276 loading class sun/nio/ch/ExtendedSocketOption$1 done
Event: 7.277 loading class sun/net/util/SocketExceptions
Event: 7.277 loading class sun/net/util/SocketExceptions done
Event: 7.324 loading class java/lang/annotation/Repeatable
Event: 7.324 loading class java/lang/annotation/Repeatable done


Dynamic libraries:
0x00007ff783c30000 - 0x00007ff783c40000 	C:\Program Files\Java\jdk-17.0.2\bin\javaw.exe
0x00007fff34df0000 - 0x00007fff34fe8000 	C:\Windows\SYSTEM32\ntdll.dll
0x00007fff34370000 - 0x00007fff3442f000 	C:\Windows\System32\KERNEL32.DLL
0x00007fff32b50000 - 0x00007fff32e22000 	C:\Windows\System32\KERNELBASE.dll
0x00007fff324e0000 - 0x00007fff325e0000 	C:\Windows\System32\ucrtbase.dll
0x00007fff2e320000 - 0x00007fff2e338000 	C:\Program Files\Java\jdk-17.0.2\bin\jli.dll
0x00007fff34670000 - 0x00007fff3471e000 	C:\Windows\System32\ADVAPI32.dll
0x00007fff34d10000 - 0x00007fff34dae000 	C:\Windows\System32\msvcrt.dll
0x00007fff341a0000 - 0x00007fff3423c000 	C:\Windows\System32\sechost.dll
0x00007fff34a60000 - 0x00007fff34b85000 	C:\Windows\System32\RPCRT4.dll
0x00007fff348b0000 - 0x00007fff34a51000 	C:\Windows\System32\USER32.dll
0x00007fff32b20000 - 0x00007fff32b42000 	C:\Windows\System32\win32u.dll
0x00007fff33c50000 - 0x00007fff33c7b000 	C:\Windows\System32\GDI32.dll
0x00007fff32a10000 - 0x00007fff32b1f000 	C:\Windows\System32\gdi32full.dll
0x00007fff32840000 - 0x00007fff328dd000 	C:\Windows\System32\msvcp_win.dll
0x00007fff2e2d0000 - 0x00007fff2e2ea000 	C:\Program Files\Java\jdk-17.0.2\bin\VCRUNTIME140.dll
0x00007fff1bc80000 - 0x00007fff1bf1a000 	C:\Windows\WinSxS\amd64_microsoft.windows.common-controls_6595b64144ccf1df_6.0.19041.1110_none_60b5254171f9507e\COMCTL32.dll
0x00007fff26a90000 - 0x00007fff26a9a000 	C:\Windows\SYSTEM32\VERSION.dll
0x00007fff34cd0000 - 0x00007fff34d02000 	C:\Windows\System32\IMM32.DLL
0x00007fff0a350000 - 0x00007fff0a35c000 	C:\Program Files\Java\jdk-17.0.2\bin\vcruntime140_1.dll
0x00007fff050a0000 - 0x00007fff0512d000 	C:\Program Files\Java\jdk-17.0.2\bin\msvcp140.dll
0x00007ffeb8080000 - 0x00007ffeb8c41000 	C:\Program Files\Java\jdk-17.0.2\bin\server\jvm.dll
0x00007fff34660000 - 0x00007fff34668000 	C:\Windows\System32\PSAPI.DLL
0x00007fff2cb60000 - 0x00007fff2cb69000 	C:\Windows\SYSTEM32\WSOCK32.dll
0x00007fff34430000 - 0x00007fff3449b000 	C:\Windows\System32\WS2_32.dll
0x00007fff26ac0000 - 0x00007fff26ae7000 	C:\Windows\SYSTEM32\WINMM.dll
0x00007fff30280000 - 0x00007fff30292000 	C:\Windows\SYSTEM32\kernel.appcore.dll
0x00007fff2e120000 - 0x00007fff2e12a000 	C:\Program Files\Java\jdk-17.0.2\bin\jimage.dll
0x00007fff24b50000 - 0x00007fff24d34000 	C:\Windows\SYSTEM32\DBGHELP.DLL
0x00007fff24350000 - 0x00007fff24385000 	C:\Windows\SYSTEM32\dbgcore.DLL
0x00007fff32980000 - 0x00007fff32a02000 	C:\Windows\System32\bcryptPrimitives.dll
0x00007fff0b420000 - 0x00007fff0b445000 	C:\Program Files\Java\jdk-17.0.2\bin\java.dll
0x00007fff024f0000 - 0x00007fff025c6000 	C:\Program Files\Java\jdk-17.0.2\bin\jsvml.dll
0x00007fff33500000 - 0x00007fff33c44000 	C:\Windows\System32\SHELL32.dll
0x00007fff30560000 - 0x00007fff30cf2000 	C:\Windows\SYSTEM32\windows.storage.dll
0x00007fff33d00000 - 0x00007fff34055000 	C:\Windows\System32\combase.dll
0x00007fff31df0000 - 0x00007fff31e20000 	C:\Windows\SYSTEM32\Wldp.dll
0x00007fff33450000 - 0x00007fff334fd000 	C:\Windows\System32\SHCORE.dll
0x00007fff34240000 - 0x00007fff34295000 	C:\Windows\System32\shlwapi.dll
0x00007fff32420000 - 0x00007fff3243f000 	C:\Windows\SYSTEM32\profapi.dll
0x00007fff07570000 - 0x00007fff07589000 	C:\Program Files\Java\jdk-17.0.2\bin\net.dll
0x00007fff280c0000 - 0x00007fff281cc000 	C:\Windows\SYSTEM32\WINHTTP.dll
0x00007fff31bd0000 - 0x00007fff31c3a000 	C:\Windows\system32\mswsock.dll
0x00007fff06130000 - 0x00007fff06146000 	C:\Program Files\Java\jdk-17.0.2\bin\nio.dll
0x00007fff048a0000 - 0x00007fff048b8000 	C:\Program Files\Java\jdk-17.0.2\bin\zip.dll
0x00007fff2e110000 - 0x00007fff2e120000 	C:\Program Files\Java\jdk-17.0.2\bin\verify.dll
0x00007fff0b230000 - 0x00007fff0b239000 	C:\Program Files\Java\jdk-17.0.2\bin\management.dll
0x00007fff0ade0000 - 0x00007fff0adeb000 	C:\Program Files\Java\jdk-17.0.2\bin\management_ext.dll
0x00007fff318e0000 - 0x00007fff3191b000 	C:\Windows\SYSTEM32\IPHLPAPI.DLL
0x00007fff34190000 - 0x00007fff34198000 	C:\Windows\System32\NSI.dll
0x00007fff29850000 - 0x00007fff29867000 	C:\Windows\SYSTEM32\dhcpcsvc6.DLL
0x00007fff29830000 - 0x00007fff2984d000 	C:\Windows\SYSTEM32\dhcpcsvc.DLL
0x00007fff31920000 - 0x00007fff319ea000 	C:\Windows\SYSTEM32\DNSAPI.dll
0x00007fff27ab0000 - 0x00007fff27aba000 	C:\Windows\System32\rasadhlp.dll
0x00007fff27c30000 - 0x00007fff27cb0000 	C:\Windows\System32\fwpuclnt.dll
0x00007fff32950000 - 0x00007fff32977000 	C:\Windows\System32\bcrypt.dll
0x00007fff0f060000 - 0x00007fff0f077000 	C:\Windows\system32\napinsp.dll
0x00007fff0f040000 - 0x00007fff0f05b000 	C:\Windows\system32\pnrpnsp.dll
0x00007fff0f020000 - 0x00007fff0f035000 	C:\Windows\system32\wshbth.dll
0x00007fff2e010000 - 0x00007fff2e02d000 	C:\Windows\system32\NLAapi.dll
0x00007fff0efa0000 - 0x00007fff0efb2000 	C:\Windows\System32\winrnr.dll

dbghelp: loaded successfully - version: 4.0.5 - missing functions: none
symbol engine: initialized successfully - sym options: 0x614 - pdb path: .;C:\Program Files\Java\jdk-17.0.2\bin;C:\Windows\SYSTEM32;C:\Windows\WinSxS\amd64_microsoft.windows.common-controls_6595b64144ccf1df_6.0.19041.1110_none_60b5254171f9507e;C:\Program Files\Java\jdk-17.0.2\bin\server

VM Arguments:
jvm_args: -Dfile.encoding=UTF-8 -XX:+ShowCodeDetailsInExceptionMessages 
java_command: com.spaceData.spacemicroservice.SpaceMicroserviceApplication
java_class_path (initial): C:\Users\fangu\OneDrive\Documentos\DockerSpaceProject\universeBodies\space-microservice\target\classes;C:\Users\fangu\.m2\repository\org\springframework\boot\spring-boot-starter-data-jpa\2.7.7\spring-boot-starter-data-jpa-2.7.7.jar;C:\Users\fangu\.m2\repository\org\springframework\boot\spring-boot-starter-jdbc\2.7.7\spring-boot-starter-jdbc-2.7.7.jar;C:\Users\fangu\.m2\repository\com\zaxxer\HikariCP\4.0.3\HikariCP-4.0.3.jar;C:\Users\fangu\.m2\repository\org\springframework\spring-jdbc\5.3.24\spring-jdbc-5.3.24.jar;C:\Users\fangu\.m2\repository\jakarta\transaction\jakarta.transaction-api\1.3.3\jakarta.transaction-api-1.3.3.jar;C:\Users\fangu\.m2\repository\jakarta\persistence\jakarta.persistence-api\2.2.3\jakarta.persistence-api-2.2.3.jar;C:\Users\fangu\.m2\repository\org\hibernate\hibernate-core\5.6.14.Final\hibernate-core-5.6.14.Final.jar;C:\Users\fangu\.m2\repository\org\jboss\logging\jboss-logging\3.4.3.Final\jboss-logging-3.4.3.Final.jar;C:\Users\fangu\.m2\repository\net\bytebuddy\byte-buddy\1.12.20\byte-buddy-1.12.20.jar;C:\Users\fangu\.m2\repository\antlr\antlr\2.7.7\antlr-2.7.7.jar;C:\Users\fangu\.m2\repository\org\jboss\jandex\2.4.2.Final\jandex-2.4.2.Final.jar;C:\Users\fangu\.m2\repository\com\fasterxml\classmate\1.5.1\classmate-1.5.1.jar;C:\Users\fangu\.m2\repository\org\hibernate\common\hibernate-commons-annotations\5.1.2.Final\hibernate-commons-annotations-5.1.2.Final.jar;C:\Users\fangu\.m2\repository\org\glassfish\jaxb\jaxb-runtime\2.3.7\jaxb-runtime-2.3.7.jar;C:\Users\fangu\.m2\repository\org\glassfish\jaxb\txw2\2.3.7\txw2-2.3.7.jar;C:\Users\fangu\.m2\repository\com\sun\istack\istack-commons-runtime\3.0.12\istack-commons-runtime-3.0.12.jar;C:\Users\fangu\.m2\repository\com\sun\activation\jakarta.activation\1.2.2\jakarta.activation-1.2.2.jar;C:\Users\fangu\.m2\repository\org\springframework\data\spring-data-jpa\2.7.6\spring-data-jpa-2.7.6.jar;C:\Users\fangu\.m2\repository\org\springframework\data\spring-data-commons\2.7.6\sp
Launcher Type: SUN_STANDARD

[Global flags]
     intx CICompilerCount                          = 3                                         {product} {ergonomic}
     uint ConcGCThreads                            = 1                                         {product} {ergonomic}
     uint G1ConcRefinementThreads                  = 4                                         {product} {ergonomic}
   size_t G1HeapRegionSize                         = 2097152                                   {product} {ergonomic}
    uintx GCDrainStackTargetSize                   = 64                                        {product} {ergonomic}
   size_t InitialHeapSize                          = 201326592                                 {product} {ergonomic}
   size_t MarkStackSize                            = 4194304                                   {product} {ergonomic}
   size_t MaxHeapSize                              = 3191865344                                {product} {ergonomic}
   size_t MaxNewSize                               = 1914699776                                {product} {ergonomic}
   size_t MinHeapDeltaBytes                        = 2097152                                   {product} {ergonomic}
   size_t MinHeapSize                              = 8388608                                   {product} {ergonomic}
    uintx NonNMethodCodeHeapSize                   = 5832780                                {pd product} {ergonomic}
    uintx NonProfiledCodeHeapSize                  = 122912730                              {pd product} {ergonomic}
    uintx ProfiledCodeHeapSize                     = 122912730                              {pd product} {ergonomic}
    uintx ReservedCodeCacheSize                    = 251658240                              {pd product} {ergonomic}
     bool SegmentedCodeCache                       = true                                      {product} {ergonomic}
     bool ShowCodeDetailsInExceptionMessages       = true                                   {manageable} {command line}
   size_t SoftMaxHeapSize                          = 3191865344                             {manageable} {ergonomic}
     bool UseCompressedClassPointers               = true                           {product lp64_product} {ergonomic}
     bool UseCompressedOops                        = true                           {product lp64_product} {ergonomic}
     bool UseG1GC                                  = true                                      {product} {ergonomic}
     bool UseLargePagesIndividualAllocation        = false                                  {pd product} {ergonomic}

Logging:
Log output configuration:
 #0: stdout all=warning uptime,level,tags
 #1: stderr all=off uptime,level,tags

Environment Variables:
JAVA_HOME=C:\Program Files\Java\jdk-11.0.16
PATH=C:/Program Files/Java/jdk-17.0.2/bin/server;C:/Program Files/Java/jdk-17.0.2/bin;C:\Windows\system32;C:\Windows;C:\Windows\System32\Wbem;C:\Windows\System32\WindowsPowerShell\v1.0\;C:\Windows\System32\OpenSSH\;C:\Program Files\Polyspace\R2020a\runtime\win64;C:\Program Files\Polyspace\R2020a\bin;C:\Program Files\Polyspace\R2020a\polyspace\bin;C:\Program Files\Git\cmd;C:\Program Files\MATLAB\MATLAB Runtime\v98\runtime\win64;C:\Users\fangu\OneDrive\Documentos\Instaladores\apache-maven-3.8.5\bin;C:\Users\fangu\AppData\Roaming\npm;C:\Users\fangu\AppData\Roaming\npm\node_modules\@angular\cli\bin;C:\Users\fangu\AppData\Roaming\nvm;C:\Program Files\nodejs;C:\Program Files\nodejs\;C:\Program Files\TortoiseGit\bin;C:\Program Files\dotnet\;C:\Program Files\PuTTY\;C:\Program Files\Java\jdk-11.0.16\bin;;C:\Program Files\Docker\Docker\resources\bin;C:\Users\fangu\AppData\Local\Programs\Python\Python39\Scripts\;C:\Users\fangu\AppData\Local\Programs\Python\Python39\;C:\Users\fangu\AppData\Local\Microsoft\WindowsApps;C:\Users\fangu\AppData\Local\Programs\Microsoft VS Code\bin;C:\Program Files\nodejs;C:\Program Files\heroku\bin;C:\Users\fangu\AppData\Roaming\nvm;C:\Program Files\nodejs;C:\Users\fangu\AppData\Roaming\npm;C:\Users\fangu\.dotnet\tools;C:\Program Files\Java\jdk-11.0.16;;C:\Windows\system32;
USERNAME=fangu
OS=Windows_NT
PROCESSOR_IDENTIFIER=Intel64 Family 6 Model 58 Stepping 9, GenuineIntel



---------------  S Y S T E M  ---------------

OS:
 Windows 10 , 64 bit Build 19041 (10.0.19041.2364)
OS uptime: 1 days 20:24 hours
Hyper-V role detected

CPU: total 4 (initial active 4) (2 cores per cpu, 2 threads per core) family 6 model 58 stepping 9 microcode 0x21, cx8, cmov, fxsr, ht, mmx, sse, sse2, sse3, ssse3, sse4.1, sse4.2, popcnt, tsc, tscinvbit, avx, aes, erms, clmul, vzeroupper, clflush, hv

Memory: 4k page, system-wide physical 12169M (955M free)
TotalPageFile size 19712M (AvailPageFile size 145M)
current process WorkingSet (physical memory assigned to process): 111M, peak: 178M
current process commit charge ("private bytes"): 185M, peak: 330M

vm_info: Java HotSpot(TM) 64-Bit Server VM (17.0.2+8-LTS-86) for windows-amd64 JRE (17.0.2+8-LTS-86), built on Dec  7 2021 21:51:03 by "mach5one" with MS VC++ 16.8 / 16.9 (VS2019)

END.
